2020-08-16T19:39:13.689Z [my-bank-api] info: API Started and file Created!
2020-08-16T19:40:13.785Z [my-bank-api] info: API Started!
2020-08-16T19:41:20.224Z [my-bank-api] info: API Started!
2020-08-16T19:41:37.569Z [my-bank-api] info: API Started!
2020-08-16T19:42:16.596Z [my-bank-api] info: API Started!
2020-08-16T19:42:40.741Z [my-bank-api] info: API Started!
2020-08-16T19:42:55.325Z [my-bank-api] info: API Started!
2020-08-16T19:43:04.410Z [my-bank-api] info: API Started!
2020-08-16T19:43:24.925Z [my-bank-api] info: GET /account 
2020-08-16T19:44:07.189Z [my-bank-api] info: API Started!
2020-08-16T19:44:11.351Z [my-bank-api] info: POST /account - {"id":1,"nome":"Maria da Silva","balance":9999999999999}
2020-08-16T19:44:33.150Z [my-bank-api] info: GET /account/:id
2020-08-16T19:44:49.823Z [my-bank-api] info: GET /account 
2020-08-16T19:49:14.296Z [my-bank-api] info: API Started!
2020-08-16T19:49:15.962Z [my-bank-api] info: POST /account - {"id":2,"nome":"Jodé Silva","balance":1999.98}
2020-08-16T20:19:29.982Z [my-bank-api] info: API Started!
2020-08-16T20:20:37.649Z [my-bank-api] info: API Started!
2020-08-16T20:23:29.610Z [my-bank-api] info: API Started!
2020-08-16T20:24:46.876Z [my-bank-api] info: API Started!
2020-08-16T20:25:18.505Z [my-bank-api] info: API Started!
2020-08-16T20:25:31.898Z [my-bank-api] info: GET /account 
2020-08-16T20:26:47.409Z [my-bank-api] error: PUT /account - Name and Balance are required
2020-08-16T20:27:00.958Z [my-bank-api] error: PUT /account - Name and Balance are required
2020-08-16T20:27:06.079Z [my-bank-api] error: PUT /account - Name and Balance are required
2020-08-16T20:27:06.772Z [my-bank-api] error: PUT /account - Name and Balance are required
2020-08-16T20:27:07.370Z [my-bank-api] error: PUT /account - Name and Balance are required
2020-08-16T20:27:07.915Z [my-bank-api] error: PUT /account - Name and Balance are required
2020-08-16T20:27:08.120Z [my-bank-api] error: PUT /account - Name and Balance are required
2020-08-16T20:27:08.397Z [my-bank-api] error: PUT /account - Name and Balance are required
2020-08-16T20:27:08.580Z [my-bank-api] error: PUT /account - Name and Balance are required
2020-08-16T20:27:08.764Z [my-bank-api] error: PUT /account - Name and Balance are required
2020-08-16T20:27:08.935Z [my-bank-api] error: PUT /account - Name and Balance are required
2020-08-16T20:27:09.722Z [my-bank-api] error: PUT /account - Name and Balance are required
2020-08-16T20:27:14.072Z [my-bank-api] error: PUT /account - Name and Balance are required
2020-08-16T20:27:15.045Z [my-bank-api] error: PUT /account - Name and Balance are required
2020-08-16T20:27:15.612Z [my-bank-api] error: PUT /account - Name and Balance are required
2020-08-16T20:27:16.072Z [my-bank-api] error: PUT /account - Name and Balance are required
2020-08-16T20:27:37.967Z [my-bank-api] info: API Started!
2020-08-16T20:27:39.540Z [my-bank-api] info: API Started!
2020-08-16T20:27:43.039Z [my-bank-api] info: GET /account/:id
2020-08-16T20:27:44.166Z [my-bank-api] info: GET /account/:id
2020-08-16T20:27:44.840Z [my-bank-api] info: GET /account/:id
2020-08-16T20:27:45.317Z [my-bank-api] info: GET /account/:id
2020-08-16T20:27:48.755Z [my-bank-api] info: GET /account 
2020-08-16T20:28:04.179Z [my-bank-api] error: PUT /account - Name and Balance are required
2020-08-16T20:28:26.059Z [my-bank-api] error: PUT /account - Name and Balance are required
2020-08-16T20:28:26.770Z [my-bank-api] error: PUT /account - Name and Balance are required
2020-08-16T20:28:27.010Z [my-bank-api] error: PUT /account - Name and Balance are required
2020-08-16T20:28:27.216Z [my-bank-api] error: PUT /account - Name and Balance are required
2020-08-16T20:28:27.518Z [my-bank-api] error: PUT /account - Name and Balance are required
2020-08-16T20:28:27.731Z [my-bank-api] error: PUT /account - Name and Balance are required
2020-08-16T20:29:38.020Z [my-bank-api] error: PUT /account - Name and Balance are required
2020-08-16T20:29:38.937Z [my-bank-api] error: PUT /account - Name and Balance are required
2020-08-16T20:29:39.517Z [my-bank-api] error: PUT /account - Name and Balance are required
2020-08-16T20:29:39.740Z [my-bank-api] error: PUT /account - Name and Balance are required
2020-08-16T20:29:39.992Z [my-bank-api] error: PUT /account - Name and Balance are required
2020-08-16T20:29:40.226Z [my-bank-api] error: PUT /account - Name and Balance are required
2020-08-16T20:29:57.204Z [my-bank-api] info: API Started!
2020-08-16T20:29:58.581Z [my-bank-api] info: PUT /account - {"id":1,"nome":"Bernardo da Silva","balance":9999999999999}
2020-08-16T20:30:12.992Z [my-bank-api] info: API Started!
2020-08-16T20:30:14.696Z [my-bank-api] error: PUT /account - Name and Balance are required
2020-08-16T20:30:15.710Z [my-bank-api] error: PUT /account - Name and Balance are required
2020-08-16T20:30:16.130Z [my-bank-api] error: PUT /account - Name and Balance are required
2020-08-16T20:30:16.558Z [my-bank-api] error: PUT /account - Name and Balance are required
2020-08-16T20:31:53.960Z [my-bank-api] info: API Started and file Created!
2020-08-16T20:32:03.573Z [my-bank-api] error: POST /account - Name and Balance are required
2020-08-16T20:32:09.434Z [my-bank-api] info: POST /account - {"id":1,"name":"Jodé Silva","balance":1999.98}
2020-08-16T20:32:19.086Z [my-bank-api] info: PUT /account - {"id":1,"name":"Bernardo da Silva","balance":9999999999999}
2020-08-16T20:32:55.857Z [my-bank-api] info: API Started!
2020-08-16T20:34:53.868Z [my-bank-api] info: API Started!
2020-08-16T20:35:00.264Z [my-bank-api] info: API Started!
2020-08-16T20:35:16.770Z [my-bank-api] info: API Started!
2020-08-16T20:48:29.341Z [my-bank-api] info: API Started!
2020-08-16T21:04:47.112Z [my-bank-api] info: API Started and file Created!
2020-08-16T21:06:33.217Z [my-bank-api] info: API Started and file Created!
2020-08-16T21:06:56.960Z [my-bank-api] info: API Started and file Created!
2020-08-16T21:07:20.892Z [my-bank-api] info: API Started and file Created!
2020-08-16T21:11:56.862Z [my-bank-api] info: GET /account 
2020-08-16T21:12:08.249Z [my-bank-api] info: GET /account 
2020-08-16T21:12:09.247Z [my-bank-api] info: GET /account 
2020-08-16T21:12:34.174Z [my-bank-api] info: GET /account 
2020-08-16T21:12:35.239Z [my-bank-api] info: GET /account 
2020-08-16T21:12:36.087Z [my-bank-api] info: GET /account 
2020-08-16T21:13:19.285Z [my-bank-api] info: GET /account 
2020-08-16T21:13:51.033Z [my-bank-api] info: GET /account 
2020-08-16T21:13:51.985Z [my-bank-api] info: GET /account 
2020-08-16T21:13:52.500Z [my-bank-api] info: GET /account 
2020-08-16T21:13:52.714Z [my-bank-api] info: GET /account 
2020-08-16T21:14:05.216Z [my-bank-api] info: GET /account 
2020-08-16T21:14:08.167Z [my-bank-api] info: GET /account 
2020-08-16T21:15:41.348Z [my-bank-api] info: GET /account 
2020-08-16T22:02:19.169Z [my-bank-api] info: API Started!
2020-08-16T22:02:46.359Z [my-bank-api] info: API Started and file Created!
2020-08-16T22:09:24.184Z [my-bank-api] info: API Started and file Created!
2020-08-16T22:10:16.451Z [my-bank-api] info: API Started!
2020-08-16T22:10:22.336Z [my-bank-api] info: API Started and file Created!
2020-08-16T22:10:55.242Z [my-bank-api] info: API Started!
2020-08-16T22:11:18.130Z [my-bank-api] info: GET /account 
2020-08-16T22:12:47.677Z [my-bank-api] info: API Started and file Created!
2020-08-16T22:12:49.831Z [my-bank-api] info: API Started!
2020-08-16T22:13:01.792Z [my-bank-api] info: GET /account 
2020-08-16T22:13:13.189Z [my-bank-api] info: POST /account - {"id":1,"name":"Guilherme Coelho","balance":1000.2}
2020-08-16T22:13:20.257Z [my-bank-api] info: GET /account 
2020-08-16T22:14:58.865Z [my-bank-api] info: API Started and file Created!
